[36m> [39mFinal RC {"fynlocal":true,"alwaysFetchDist":false,"centralStore":false,"logLevel":"info","colors":true,"progress":"normal","lockfile":true,"refreshOptionals":false,"production":false,"rcfile":true,"flatMeta":false,"concurrency":15,"access":null,"allow-same-version":false,"always-auth":false,"also":null,"audit":true,"audit-level":"low","auth-type":"legacy","bin-links":true,"browser":null,"ca":null,"cafile":null,"cache":"/Users/vn08447/.npm","cache-lock-stale":60000,"cache-lock-retries":10,"cache-lock-wait":10000,"cache-max":null,"cache-min":10,"cert":null,"cidr":null,"color":true,"depth":null,"description":true,"dev":false,"dry-run":false,"editor":"vi","engine-strict":false,"force":false,"fetch-retries":2,"fetch-retry-factor":10,"fetch-retry-mintimeout":10000,"fetch-retry-maxtimeout":60000,"git":"git","git-tag-version":true,"commit-hooks":true,"global":false,"globalconfig":"/Users/vn08447/nvm/nodejs/v10.17.0/etc/npmrc","global-style":false,"group":20,"ham-it-up":false,"heading":"npm","if-present":false,"ignore-prepublish":false,"ignore-scripts":false,"init-module":"/Users/vn08447/.npm-init.js","init-author-name":"","init-author-email":"","init-author-url":"","init-version":"1.0.0","init-license":"ISC","json":false,"key":null,"legacy-bundling":false,"link":false,"loglevel":"notice","logs-max":10,"long":false,"maxsockets":50,"message":"%s","metrics-registry":null,"node-options":null,"node-version":"v10.17.0","offline":false,"onload-script":false,"only":null,"optional":true,"otp":null,"package-lock":true,"package-lock-only":false,"parseable":false,"prefer-offline":false,"prefer-online":false,"prefix":"/Users/vn08447/nvm/nodejs/v10.17.0","preid":"","proxy":null,"https-proxy":null,"noproxy":null,"user-agent":"npm/{npm-version} node/{node-version} {platform} {arch}","read-only":false,"rebuild-bundle":true,"registry":"https://registry.npmjs.org","rollback":true,"save":true,"save-bundle":false,"save-dev":false,"save-exact":false,"save-optional":false,"save-prefix":"^","save-prod":false,"scope":"","script-shell":null,"scripts-prepend-node-path":"warn-only","searchopts":"","searchexclude":null,"searchlimit":20,"searchstaleness":900,"send-metrics":false,"shell":"/bin/bash","shrinkwrap":true,"sign-git-commit":false,"sign-git-tag":false,"sso-poll-frequency":500,"sso-type":"oauth","strict-ssl":true,"tag":"latest","tag-version-prefix":"v","timing":false,"tmp":"/var/folders/38/4m3ftf6j1zxdbx3bfvn5h7fh0000gp/T","unicode":true,"unsafe-perm":true,"update-notifier":true,"usage":false,"user":"nobody","userconfig":"/Users/vn08447/.npmrc","umask":18,"version":false,"versions":false,"viewer":"man","_exit":true,"targetDir":"node_modules","cwd":"/Users/vn08447/Documents/api3"}
[36m> [39m[32mfyn[39m version 0.2.41 at [35m/Users/vn08447/nvm/nodejs/v10.17.0/lib/node_modules/fyn[39m
[36m> [39m[32mNodeJS[39m version v10.17.0 at [35m/Users/vn08447/nvm/nodejs/v10.17.0/bin/node[39m
[36m> [39menv NODE_OPTIONS is [35mundefined[39m
[36m> [39mworking dir is [35m/Users/vn08447/Documents/api3[39m
[36m> [39mMax network concurrency is 15
[34m> [39mfyn options {"registry":"https://registry.npmjs.org","pkgFile":"package.json","targetDir":"node_modules","fynDir":"/Users/vn08447/.fyn","fynCacheDir":"/Users/vn08447/.fyn/_cacache","lockfile":true,"fynlocal":true,"alwaysFetchDist":false,"centralStore":false,"logLevel":"info","colors":true,"progress":"normal","refreshOptionals":false,"production":false,"rcfile":true,"flatMeta":false,"concurrency":15,"access":null,"allow-same-version":false,"always-auth":false,"also":null,"audit":true,"audit-level":"low","auth-type":"legacy","bin-links":true,"browser":null,"ca":null,"cafile":null,"cache":"/Users/vn08447/.npm","cache-lock-stale":60000,"cache-lock-retries":10,"cache-lock-wait":10000,"cache-max":null,"cache-min":10,"cert":null,"cidr":null,"color":true,"depth":null,"description":true,"dev":false,"dry-run":false,"editor":"vi","engine-strict":false,"force":false,"fetch-retries":2,"fetch-retry-factor":10,"fetch-retry-mintimeout":10000,"fetch-retry-maxtimeout":60000,"git":"git","git-tag-version":true,"commit-hooks":true,"global":false,"globalconfig":"/Users/vn08447/nvm/nodejs/v10.17.0/etc/npmrc","global-style":false,"group":20,"ham-it-up":false,"heading":"npm","if-present":false,"ignore-prepublish":false,"ignore-scripts":false,"init-module":"/Users/vn08447/.npm-init.js","init-author-name":"","init-author-email":"","init-author-url":"","init-version":"1.0.0","init-license":"ISC","json":false,"key":null,"legacy-bundling":false,"link":false,"loglevel":"notice","logs-max":10,"long":false,"maxsockets":50,"message":"%s","metrics-registry":null,"node-options":null,"node-version":"v10.17.0","offline":false,"onload-script":false,"only":null,"optional":true,"otp":null,"package-lock":true,"package-lock-only":false,"parseable":false,"prefer-offline":false,"prefer-online":false,"prefix":"/Users/vn08447/nvm/nodejs/v10.17.0","preid":"","proxy":null,"https-proxy":null,"noproxy":null,"user-agent":"npm/{npm-version} node/{node-version} {platform} {arch}","read-only":false,"rebuild-bundle":true,"rollback":true,"save":true,"save-bundle":false,"save-dev":false,"save-exact":false,"save-optional":false,"save-prefix":"^","save-prod":false,"scope":"","script-shell":null,"scripts-prepend-node-path":"warn-only","searchopts":"","searchexclude":null,"searchlimit":20,"searchstaleness":900,"send-metrics":false,"shell":"/bin/bash","shrinkwrap":true,"sign-git-commit":false,"sign-git-tag":false,"sso-poll-frequency":500,"sso-type":"oauth","strict-ssl":true,"tag":"latest","tag-version-prefix":"v","timing":false,"tmp":"/var/folders/38/4m3ftf6j1zxdbx3bfvn5h7fh0000gp/T","unicode":true,"unsafe-perm":true,"update-notifier":true,"usage":false,"user":"nobody","userconfig":"/Users/vn08447/.npmrc","umask":18,"version":false,"versions":false,"viewer":"man","_exit":true,"cwd":"/Users/vn08447/Documents/api3"}
[34m> [39mpackage.json file /Users/vn08447/Documents/api3/package.json
[34m> [39mpkg src manager registry {"registry":"https://registry.npmjs.org"}
> [32mloaded lockfile /Users/vn08447/Documents/api3[39m
[32mfetch meta[39m: resolving dependencies...
[34m> [39mfound @ffmpeg-installer/linux-arm64 packument cache
[34m> [39mfound @ffmpeg-installer/linux-arm packument cache
[34m> [39mfound @ffmpeg-installer/linux-x64 packument cache
[34m> [39mfound @ffmpeg-installer/linux-ia32 packument cache
[34m> [39mfound @ffmpeg-installer/win32-ia32 packument cache
[34m> [39mfound @ffmpeg-installer/win32-x64 packument cache
[34m> [39mfound babel-cli packument cache
[32mfetch meta[39m: ([31m0[39m⇨ [33m6[39m⇨ [32m0[39m) [36mcached[39m [35m6.348[39msecs [31m[42mbabel-cli[49m[39m
[31m> [39m[31minstall failed:[39m CWD /Users/vn08447/Documents/api3
[31m> [39m[31minstall failed:[39m Please check for any errors that occur above.
[31m> [39m[31minstall failed:[39m Also check [35mfyn-debug.log[39m for more details. [35mless -R fyn-debug.log[39m if you are on Un*x.
[31m> [39m[31minstall failed:[39m No version of babel-cli satisfied semver ^7.0
~package.json@~ > babel-cli@^7.0
[34m> [39mSTACK: Error: No version of babel-cli satisfied semver ^7.0
~package.json@~ > babel-cli@^7.0
    at PkgDepResolver._resolveWithMeta (webpack:///./lib/pkg-dep-resolver.js?:875:13)
    at _pkgSrcMgr.fetchMeta.then.meta (webpack:///./lib/pkg-dep-resolver.js?:1028:21)
    at tryCatcher (webpack:///./node_modules/bluebird/js/release/util.js?:16:23)
    at Promise._settlePromiseFromHandler (webpack:///./node_modules/bluebird/js/release/promise.js?:512:31)
    at Promise._settlePromise (webpack:///./node_modules/bluebird/js/release/promise.js?:569:18)
    at Promise._settlePromise0 (webpack:///./node_modules/bluebird/js/release/promise.js?:614:10)
    at Promise._settlePromises (webpack:///./node_modules/bluebird/js/release/promise.js?:694:18)
    at _drainQueueStep (webpack:///./node_modules/bluebird/js/release/async.js?:138:12)
    at _drainQueue (webpack:///./node_modules/bluebird/js/release/async.js?:131:9)
    at Async._drainQueues (webpack:///./node_modules/bluebird/js/release/async.js?:147:5)
    at Immediate.Async.drainQueues [as _onImmediate] (webpack:///./node_modules/bluebird/js/release/async.js?:17:14)
    at runCallback (timers.js:705:18)
    at tryOnImmediate (timers.js:676:5)
    at processImmediate (timers.js:658:5)
